TN:
SF:src\index.ts
FN:28,(anonymous_1)
FNF:1
FNH:1
FNDA:1,(anonymous_1)
DA:1,1
DA:2,1
DA:3,1
DA:4,1
DA:5,1
DA:6,1
DA:7,1
DA:8,1
DA:10,1
DA:12,1
DA:13,1
DA:16,1
DA:19,1
DA:21,1
DA:22,1
DA:23,1
DA:26,1
DA:28,1
DA:29,1
DA:30,1
DA:31,1
DA:35,1
LF:22
LH:22
BRDA:13,0,0,1
BRDA:13,0,1,0
BRF:2
BRH:1
end_of_record
TN:
SF:src\messages\index.ts
FN:1,(anonymous_0)
FNF:1
FNH:1
FNDA:1,(anonymous_0)
DA:1,1
DA:2,1
DA:3,1
DA:4,1
DA:5,1
DA:6,1
LF:6
LH:6
BRDA:1,0,0,1
BRDA:1,0,1,1
BRF:2
BRH:2
end_of_record
TN:
SF:src\middlewares\logger\index.ts
FN:4,(anonymous_1)
FNF:1
FNH:1
FNDA:5,(anonymous_1)
DA:2,1
DA:4,1
DA:5,5
DA:6,5
DA:7,5
DA:8,5
DA:9,5
DA:10,5
DA:13,1
LF:9
LH:9
BRF:0
BRH:0
end_of_record
TN:
SF:src\routes\email\index.ts
FN:8,(anonymous_8)
FN:8,(anonymous_9)
FNF:2
FNH:2
FNDA:5,(anonymous_8)
FNDA:5,(anonymous_9)
DA:1,1
DA:2,1
DA:3,1
DA:4,1
DA:6,1
DA:7,1
DA:8,5
DA:9,5
DA:11,5
DA:12,1
DA:15,4
DA:20,3
DA:21,3
DA:23,3
DA:24,0
DA:28,3
DA:30,3
DA:31,1
DA:32,1
DA:34,2
DA:37,1
DA:38,1
DA:42,1
LF:23
LH:22
BRDA:11,0,0,1
BRDA:11,1,0,5
BRDA:11,1,1,4
BRDA:11,1,2,4
BRDA:11,1,3,4
BRDA:15,2,0,3
BRDA:15,2,1,1
BRDA:16,3,0,4
BRDA:16,3,1,4
BRDA:16,3,2,4
BRDA:23,4,0,0
BRDA:30,5,0,1
BRDA:30,5,1,2
BRF:13
BRH:12
end_of_record
TN:
SF:src\utils\index.ts
FN:1,(anonymous_0)
FN:2,(anonymous_1)
FN:3,(anonymous_2)
FNF:3
FNH:2
FNDA:2,(anonymous_0)
FNDA:1,(anonymous_1)
FNDA:0,(anonymous_2)
DA:1,3
DA:2,2
DA:3,1
LF:3
LH:3
BRF:0
BRH:0
end_of_record
TN:
SF:src\utils\email\index.ts
FN:16,(anonymous_7)
FN:16,(anonymous_8)
FNF:2
FNH:2
FNDA:1,(anonymous_7)
FNDA:1,(anonymous_8)
DA:16,1
DA:17,1
LF:2
LH:2
BRF:0
BRH:0
end_of_record
TN:
SF:src\utils\emailTemplate\index.ts
FN:11,(anonymous_1)
FNF:1
FNH:1
FNDA:2,(anonymous_1)
DA:1,2
DA:5,2
DA:11,2
DA:12,2
DA:13,2
DA:14,2
DA:15,2
LF:7
LH:7
BRF:0
BRH:0
end_of_record
TN:
SF:src\utils\logger\index.ts
FN:3,(anonymous_0)
FNF:1
FNH:1
FNDA:22,(anonymous_0)
DA:1,2
DA:3,2
DA:4,22
DA:14,22
DA:15,22
DA:18,2
LF:6
LH:6
BRF:0
BRH:0
end_of_record
TN:
SF:src\utils\queue\index.ts
FN:6,(anonymous_7)
FN:6,(anonymous_8)
FN:14,(anonymous_9)
FN:14,(anonymous_10)
FN:17,(anonymous_11)
FN:17,(anonymous_12)
FNF:6
FNH:6
FNDA:6,(anonymous_7)
FNDA:6,(anonymous_8)
FNDA:21,(anonymous_9)
FNDA:21,(anonymous_10)
FNDA:11,(anonymous_11)
FNDA:11,(anonymous_12)
DA:2,2
DA:4,2
DA:6,6
DA:7,6
DA:10,6
DA:11,6
DA:14,21
DA:15,21
DA:17,21
DA:18,11
DA:20,4
DA:22,4
DA:26,21
LF:13
LH:13
BRDA:7,0,0,3
BRDA:7,0,1,3
BRDA:18,1,0,4
BRF:3
BRH:3
end_of_record
